07-10-2019 10:56:23.185 [main] INFO  c.w.t.d.DevelopmentApplication.logStarting - Starting DevelopmentApplication on 5K1X8X2 with PID 9748 (C:\Wirecard\wms-deployment-history\target\classes started by denis.prasetio in C:\Wirecard\wms-deployment-history)
07-10-2019 10:56:23.201 [main] INFO  c.w.t.d.DevelopmentApplication.logStartupProfileInfo - No active profile set, falling back to default profiles: default
07-10-2019 10:56:23.764 [main] INFO  o.s.d.r.c.RepositoryConfigurationDelegate.registerRepositoriesIn - Bootstrapping Spring Data repositories in DEFAULT mode.
07-10-2019 10:56:23.810 [main] INFO  o.s.d.r.c.RepositoryConfigurationDelegate.registerRepositoriesIn - Finished Spring Data repository scanning in 46ms. Found 1 repository interfaces.
07-10-2019 10:56:24.217 [main] INFO  o.s.b.w.e.tomcat.TomcatWebServer.initialize - Tomcat initialized with port(s): 8080 (http)
07-10-2019 10:56:24.232 [main] INFO  o.a.coyote.http11.Http11NioProtocol.log - Initializing ProtocolHandler ["http-nio-8080"]
07-10-2019 10:56:24.248 [main] INFO  o.a.catalina.core.StandardService.log - Starting service [Tomcat]
07-10-2019 10:56:24.248 [main] INFO  o.a.catalina.core.StandardEngine.log - Starting Servlet engine: [Apache Tomcat/9.0.26]
07-10-2019 10:56:24.342 [main] INFO  o.a.c.c.C.[Tomcat].[localhost].[/].log - Initializing Spring embedded WebApplicationContext
07-10-2019 10:56:24.342 [main] INFO  o.s.web.context.ContextLoader.prepareWebApplicationContext - Root WebApplicationContext: initialization completed in 1094 ms
07-10-2019 10:56:25.092 [main] INFO  org.mongodb.driver.cluster.info - Cluster created with settings {hosts=[localhost:27017], mode=MULTIPLE, requiredClusterType=UNKNOWN, serverSelectionTimeout='30000 ms', maxWaitQueueSize=500}
07-10-2019 10:56:25.092 [main] INFO  org.mongodb.driver.cluster.info - Adding discovered server localhost:27017 to client view of cluster
07-10-2019 10:56:25.264 [main] WARN  o.s.data.convert.CustomConversions.register - Registering converter from class java.time.LocalDateTime to class java.time.Instant as reading converter although it doesn't convert from a store-supported type! You might wanna check you annotation setup at the converter implementation.
07-10-2019 10:56:25.264 [main] WARN  o.s.data.convert.CustomConversions.register - Registering converter from class java.time.Instant to class java.time.LocalDateTime as reading converter although it doesn't convert from a store-supported type! You might wanna check you annotation setup at the converter implementation.
07-10-2019 10:56:25.279 [main] WARN  o.s.data.convert.CustomConversions.register - Registering converter from class java.time.LocalDateTime to class java.time.Instant as reading converter although it doesn't convert from a store-supported type! You might wanna check you annotation setup at the converter implementation.
07-10-2019 10:56:25.279 [main] WARN  o.s.data.convert.CustomConversions.register - Registering converter from class java.time.Instant to class java.time.LocalDateTime as reading converter although it doesn't convert from a store-supported type! You might wanna check you annotation setup at the converter implementation.
07-10-2019 10:56:25.560 [main] INFO  o.s.s.c.ThreadPoolTaskExecutor.initialize - Initializing ExecutorService 'applicationTaskExecutor'
07-10-2019 10:56:25.654 [main] INFO  o.a.coyote.http11.Http11NioProtocol.log - Starting ProtocolHandler ["http-nio-8080"]
07-10-2019 10:56:25.670 [main] INFO  o.s.b.w.e.tomcat.TomcatWebServer.start - Tomcat started on port(s): 8080 (http) with context path ''
07-10-2019 10:56:25.685 [main] INFO  c.w.t.d.DevelopmentApplication.logStarted - Started DevelopmentApplication in 2.812 seconds (JVM running for 4.223)
07-10-2019 10:56:26.157 [cluster-ClusterId{value='5d9ab7692bcdd62614be8428', description='null'}-localhost:27017] INFO  org.mongodb.driver.cluster.info - Exception in monitor thread while connecting to server localhost:27017
com.mongodb.MongoSocketOpenException: Exception opening socket
	at com.mongodb.internal.connection.SocketStream.open(SocketStream.java:67)
	at com.mongodb.internal.connection.InternalStreamConnection.open(InternalStreamConnection.java:126)
	at com.mongodb.internal.connection.DefaultServerMonitor$ServerMonitorRunnable.run(DefaultServerMonitor.java:117)
	at java.lang.Thread.run(Thread.java:748)
Caused by: java.net.ConnectException: Connection refused: connect
	at java.net.DualStackPlainSocketImpl.waitForConnect(Native Method)
	at java.net.DualStackPlainSocketImpl.socketConnect(DualStackPlainSocketImpl.java:85)
	at java.net.AbstractPlainSocketImpl.doConnect(AbstractPlainSocketImpl.java:350)
	at java.net.AbstractPlainSocketImpl.connectToAddress(AbstractPlainSocketImpl.java:206)
	at java.net.AbstractPlainSocketImpl.connect(AbstractPlainSocketImpl.java:188)
	at java.net.PlainSocketImpl.connect(PlainSocketImpl.java:172)
	at java.net.SocksSocketImpl.connect(SocksSocketImpl.java:392)
	at java.net.Socket.connect(Socket.java:589)
	at com.mongodb.internal.connection.SocketStreamHelper.initialize(SocketStreamHelper.java:64)
	at com.mongodb.internal.connection.SocketStream.open(SocketStream.java:62)
	... 3 common frames omitted
07-10-2019 10:56:28.584 [Thread-7] INFO  o.s.s.c.ThreadPoolTaskExecutor.shutdown - Shutting down ExecutorService 'applicationTaskExecutor'
07-10-2019 10:57:00.508 [main] INFO  c.w.t.d.DevelopmentApplication.logStarting - Starting DevelopmentApplication on 5K1X8X2 with PID 13656 (C:\Wirecard\wms-deployment-history\target\classes started by denis.prasetio in C:\Wirecard\wms-deployment-history)
07-10-2019 10:57:00.511 [main] INFO  c.w.t.d.DevelopmentApplication.logStartupProfileInfo - No active profile set, falling back to default profiles: default
07-10-2019 10:57:00.891 [main] INFO  o.s.d.r.c.RepositoryConfigurationDelegate.registerRepositoriesIn - Bootstrapping Spring Data repositories in DEFAULT mode.
07-10-2019 10:57:00.935 [main] INFO  o.s.d.r.c.RepositoryConfigurationDelegate.registerRepositoriesIn - Finished Spring Data repository scanning in 40ms. Found 1 repository interfaces.
07-10-2019 10:57:01.209 [main] INFO  o.s.b.w.e.tomcat.TomcatWebServer.initialize - Tomcat initialized with port(s): 8080 (http)
07-10-2019 10:57:01.219 [main] INFO  o.a.coyote.http11.Http11NioProtocol.log - Initializing ProtocolHandler ["http-nio-8080"]
07-10-2019 10:57:01.225 [main] INFO  o.a.catalina.core.StandardService.log - Starting service [Tomcat]
07-10-2019 10:57:01.225 [main] INFO  o.a.catalina.core.StandardEngine.log - Starting Servlet engine: [Apache Tomcat/9.0.26]
07-10-2019 10:57:01.287 [main] INFO  o.a.c.c.C.[Tomcat].[localhost].[/].log - Initializing Spring embedded WebApplicationContext
07-10-2019 10:57:01.287 [main] INFO  o.s.web.context.ContextLoader.prepareWebApplicationContext - Root WebApplicationContext: initialization completed in 749 ms
07-10-2019 10:57:01.922 [main] INFO  org.mongodb.driver.cluster.info - Cluster created with settings {hosts=[localhost:27017], mode=MULTIPLE, requiredClusterType=UNKNOWN, serverSelectionTimeout='30000 ms', maxWaitQueueSize=500}
07-10-2019 10:57:01.922 [main] INFO  org.mongodb.driver.cluster.info - Adding discovered server localhost:27017 to client view of cluster
07-10-2019 10:57:01.965 [cluster-ClusterId{value='5d9ab78d2bcdd63558f66f04', description='null'}-localhost:27017] INFO  org.mongodb.driver.connection.info - Opened connection [connectionId{localValue:1, serverValue:1}] to localhost:27017
07-10-2019 10:57:01.970 [cluster-ClusterId{value='5d9ab78d2bcdd63558f66f04', description='null'}-localhost:27017] INFO  org.mongodb.driver.cluster.info - Monitor thread successfully connected to server with description ServerDescription{address=localhost:27017, type=STANDALONE, state=CONNECTED, ok=true, version=ServerVersion{versionList=[4, 2, 0]}, minWireVersion=0, maxWireVersion=8, maxDocumentSize=16777216, logicalSessionTimeoutMinutes=30, roundTripTimeNanos=2749200}
07-10-2019 10:57:01.970 [cluster-ClusterId{value='5d9ab78d2bcdd63558f66f04', description='null'}-localhost:27017] INFO  org.mongodb.driver.cluster.info - Discovered cluster type of STANDALONE
07-10-2019 10:57:02.082 [main] WARN  o.s.data.convert.CustomConversions.register - Registering converter from class java.time.LocalDateTime to class java.time.Instant as reading converter although it doesn't convert from a store-supported type! You might wanna check you annotation setup at the converter implementation.
07-10-2019 10:57:02.083 [main] WARN  o.s.data.convert.CustomConversions.register - Registering converter from class java.time.Instant to class java.time.LocalDateTime as reading converter although it doesn't convert from a store-supported type! You might wanna check you annotation setup at the converter implementation.
07-10-2019 10:57:02.098 [main] WARN  o.s.data.convert.CustomConversions.register - Registering converter from class java.time.LocalDateTime to class java.time.Instant as reading converter although it doesn't convert from a store-supported type! You might wanna check you annotation setup at the converter implementation.
07-10-2019 10:57:02.098 [main] WARN  o.s.data.convert.CustomConversions.register - Registering converter from class java.time.Instant to class java.time.LocalDateTime as reading converter although it doesn't convert from a store-supported type! You might wanna check you annotation setup at the converter implementation.
07-10-2019 10:57:02.349 [main] INFO  o.s.s.c.ThreadPoolTaskExecutor.initialize - Initializing ExecutorService 'applicationTaskExecutor'
07-10-2019 10:57:02.449 [main] INFO  o.a.coyote.http11.Http11NioProtocol.log - Starting ProtocolHandler ["http-nio-8080"]
07-10-2019 10:57:02.466 [main] INFO  o.s.b.w.e.tomcat.TomcatWebServer.start - Tomcat started on port(s): 8080 (http) with context path ''
07-10-2019 10:57:02.467 [main] INFO  c.w.t.d.DevelopmentApplication.logStarted - Started DevelopmentApplication in 2.263 seconds (JVM running for 3.129)
07-10-2019 10:57:12.179 [http-nio-8080-exec-1] INFO  o.a.c.c.C.[Tomcat].[localhost].[/].log - Initializing Spring DispatcherServlet 'dispatcherServlet'
07-10-2019 10:57:12.179 [http-nio-8080-exec-1] INFO  o.s.web.servlet.DispatcherServlet.initServletBean - Initializing Servlet 'dispatcherServlet'
07-10-2019 10:57:12.183 [http-nio-8080-exec-1] INFO  o.s.web.servlet.DispatcherServlet.initServletBean - Completed initialization in 4 ms
07-10-2019 10:57:36.449 [http-nio-8080-exec-4] INFO  org.mongodb.driver.connection.info - Opened connection [connectionId{localValue:2, serverValue:2}] to localhost:27017
07-10-2019 10:58:56.562 [Thread-7] INFO  o.s.s.c.ThreadPoolTaskExecutor.shutdown - Shutting down ExecutorService 'applicationTaskExecutor'
07-10-2019 10:58:56.563 [Thread-7] INFO  org.mongodb.driver.connection.info - Closed connection [connectionId{localValue:2, serverValue:2}] to localhost:27017 because the pool has been closed.
07-10-2019 10:59:55.908 [main] INFO  c.w.t.d.DevelopmentApplication.logStarting - Starting DevelopmentApplication on 5K1X8X2 with PID 6800 (C:\Wirecard\wms-deployment-history\target\classes started by denis.prasetio in C:\Wirecard\wms-deployment-history)
07-10-2019 10:59:55.911 [main] INFO  c.w.t.d.DevelopmentApplication.logStartupProfileInfo - No active profile set, falling back to default profiles: default
07-10-2019 10:59:56.299 [main] INFO  o.s.d.r.c.RepositoryConfigurationDelegate.registerRepositoriesIn - Bootstrapping Spring Data repositories in DEFAULT mode.
07-10-2019 10:59:56.346 [main] INFO  o.s.d.r.c.RepositoryConfigurationDelegate.registerRepositoriesIn - Finished Spring Data repository scanning in 43ms. Found 1 repository interfaces.
07-10-2019 10:59:56.621 [main] INFO  o.s.b.w.e.tomcat.TomcatWebServer.initialize - Tomcat initialized with port(s): 8080 (http)
07-10-2019 10:59:56.630 [main] INFO  o.a.coyote.http11.Http11NioProtocol.log - Initializing ProtocolHandler ["http-nio-8080"]
07-10-2019 10:59:56.635 [main] INFO  o.a.catalina.core.StandardService.log - Starting service [Tomcat]
07-10-2019 10:59:56.635 [main] INFO  o.a.catalina.core.StandardEngine.log - Starting Servlet engine: [Apache Tomcat/9.0.26]
07-10-2019 10:59:56.705 [main] INFO  o.a.c.c.C.[Tomcat].[localhost].[/].log - Initializing Spring embedded WebApplicationContext
07-10-2019 10:59:56.705 [main] INFO  o.s.web.context.ContextLoader.prepareWebApplicationContext - Root WebApplicationContext: initialization completed in 769 ms
07-10-2019 10:59:57.353 [main] INFO  org.mongodb.driver.cluster.info - Cluster created with settings {hosts=[10.10.230.145:27017], mode=MULTIPLE, requiredClusterType=UNKNOWN, serverSelectionTimeout='30000 ms', maxWaitQueueSize=500}
07-10-2019 10:59:57.353 [main] INFO  org.mongodb.driver.cluster.info - Adding discovered server 10.10.230.145:27017 to client view of cluster
07-10-2019 10:59:57.434 [cluster-ClusterId{value='5d9ab83d2bcdd61a903e62c1', description='null'}-10.10.230.145:27017] INFO  org.mongodb.driver.connection.info - Opened connection [connectionId{localValue:1, serverValue:149664}] to 10.10.230.145:27017
07-10-2019 10:59:57.438 [cluster-ClusterId{value='5d9ab83d2bcdd61a903e62c1', description='null'}-10.10.230.145:27017] INFO  org.mongodb.driver.cluster.info - Monitor thread successfully connected to server with description ServerDescription{address=10.10.230.145:27017, type=STANDALONE, state=CONNECTED, ok=true, version=ServerVersion{versionList=[4, 0, 6]}, minWireVersion=0, maxWireVersion=7, maxDocumentSize=16777216, logicalSessionTimeoutMinutes=30, roundTripTimeNanos=2684600}
07-10-2019 10:59:57.439 [cluster-ClusterId{value='5d9ab83d2bcdd61a903e62c1', description='null'}-10.10.230.145:27017] INFO  org.mongodb.driver.cluster.info - Discovered cluster type of STANDALONE
07-10-2019 10:59:57.470 [main] WARN  o.s.data.convert.CustomConversions.register - Registering converter from class java.time.LocalDateTime to class java.time.Instant as reading converter although it doesn't convert from a store-supported type! You might wanna check you annotation setup at the converter implementation.
07-10-2019 10:59:57.470 [main] WARN  o.s.data.convert.CustomConversions.register - Registering converter from class java.time.Instant to class java.time.LocalDateTime as reading converter although it doesn't convert from a store-supported type! You might wanna check you annotation setup at the converter implementation.
07-10-2019 10:59:57.486 [main] WARN  o.s.data.convert.CustomConversions.register - Registering converter from class java.time.LocalDateTime to class java.time.Instant as reading converter although it doesn't convert from a store-supported type! You might wanna check you annotation setup at the converter implementation.
07-10-2019 10:59:57.486 [main] WARN  o.s.data.convert.CustomConversions.register - Registering converter from class java.time.Instant to class java.time.LocalDateTime as reading converter although it doesn't convert from a store-supported type! You might wanna check you annotation setup at the converter implementation.
07-10-2019 10:59:57.730 [main] INFO  o.s.s.c.ThreadPoolTaskExecutor.initialize - Initializing ExecutorService 'applicationTaskExecutor'
07-10-2019 10:59:57.822 [main] INFO  o.a.coyote.http11.Http11NioProtocol.log - Starting ProtocolHandler ["http-nio-8080"]
07-10-2019 10:59:57.839 [main] INFO  o.s.b.w.e.tomcat.TomcatWebServer.start - Tomcat started on port(s): 8080 (http) with context path ''
07-10-2019 10:59:57.841 [main] INFO  c.w.t.d.DevelopmentApplication.logStarted - Started DevelopmentApplication in 2.164 seconds (JVM running for 2.899)
07-10-2019 11:00:10.672 [http-nio-8080-exec-1] INFO  o.a.c.c.C.[Tomcat].[localhost].[/].log - Initializing Spring DispatcherServlet 'dispatcherServlet'
07-10-2019 11:00:10.673 [http-nio-8080-exec-1] INFO  o.s.web.servlet.DispatcherServlet.initServletBean - Initializing Servlet 'dispatcherServlet'
07-10-2019 11:00:10.679 [http-nio-8080-exec-1] INFO  o.s.web.servlet.DispatcherServlet.initServletBean - Completed initialization in 5 ms
07-10-2019 11:00:10.809 [http-nio-8080-exec-1] INFO  org.mongodb.driver.connection.info - Opened connection [connectionId{localValue:2, serverValue:149665}] to 10.10.230.145:27017
07-10-2019 11:00:34.241 [Thread-6] INFO  o.s.s.c.ThreadPoolTaskExecutor.shutdown - Shutting down ExecutorService 'applicationTaskExecutor'
07-10-2019 11:00:34.429 [http-nio-8080-exec-1] INFO  org.mongodb.driver.connection.info - Closed connection [connectionId{localValue:2, serverValue:149665}] to 10.10.230.145:27017 because the pool has been closed.
07-10-2019 11:06:42.980 [main] INFO  c.w.t.d.DevelopmentApplication.logStarting - Starting DevelopmentApplication on 5K1X8X2 with PID 12536 (C:\Wirecard\wms-deployment-history\target\classes started by denis.prasetio in C:\Wirecard\wms-deployment-history)
07-10-2019 11:06:42.982 [main] INFO  c.w.t.d.DevelopmentApplication.logStartupProfileInfo - No active profile set, falling back to default profiles: default
07-10-2019 11:06:43.346 [main] INFO  o.s.d.r.c.RepositoryConfigurationDelegate.registerRepositoriesIn - Bootstrapping Spring Data repositories in DEFAULT mode.
07-10-2019 11:06:43.389 [main] INFO  o.s.d.r.c.RepositoryConfigurationDelegate.registerRepositoriesIn - Finished Spring Data repository scanning in 35ms. Found 1 repository interfaces.
07-10-2019 11:06:43.659 [main] INFO  o.s.b.w.e.tomcat.TomcatWebServer.initialize - Tomcat initialized with port(s): 8080 (http)
07-10-2019 11:06:43.667 [main] INFO  o.a.coyote.http11.Http11NioProtocol.log - Initializing ProtocolHandler ["http-nio-8080"]
07-10-2019 11:06:43.673 [main] INFO  o.a.catalina.core.StandardService.log - Starting service [Tomcat]
07-10-2019 11:06:43.673 [main] INFO  o.a.catalina.core.StandardEngine.log - Starting Servlet engine: [Apache Tomcat/9.0.26]
07-10-2019 11:06:43.740 [main] INFO  o.a.c.c.C.[Tomcat].[localhost].[/].log - Initializing Spring embedded WebApplicationContext
07-10-2019 11:06:43.740 [main] INFO  o.s.web.context.ContextLoader.prepareWebApplicationContext - Root WebApplicationContext: initialization completed in 730 ms
07-10-2019 11:06:44.395 [main] INFO  org.mongodb.driver.cluster.info - Cluster created with settings {hosts=[10.10.230.145:27017], mode=MULTIPLE, requiredClusterType=UNKNOWN, serverSelectionTimeout='30000 ms', maxWaitQueueSize=500}
07-10-2019 11:06:44.395 [main] INFO  org.mongodb.driver.cluster.info - Adding discovered server 10.10.230.145:27017 to client view of cluster
07-10-2019 11:06:44.483 [cluster-ClusterId{value='5d9ab9d42bcdd630f8b4afd6', description='null'}-10.10.230.145:27017] INFO  org.mongodb.driver.connection.info - Opened connection [connectionId{localValue:1, serverValue:149670}] to 10.10.230.145:27017
07-10-2019 11:06:44.487 [cluster-ClusterId{value='5d9ab9d42bcdd630f8b4afd6', description='null'}-10.10.230.145:27017] INFO  org.mongodb.driver.cluster.info - Monitor thread successfully connected to server with description ServerDescription{address=10.10.230.145:27017, type=STANDALONE, state=CONNECTED, ok=true, version=ServerVersion{versionList=[4, 0, 6]}, minWireVersion=0, maxWireVersion=7, maxDocumentSize=16777216, logicalSessionTimeoutMinutes=30, roundTripTimeNanos=3167600}
07-10-2019 11:06:44.488 [cluster-ClusterId{value='5d9ab9d42bcdd630f8b4afd6', description='null'}-10.10.230.145:27017] INFO  org.mongodb.driver.cluster.info - Discovered cluster type of STANDALONE
07-10-2019 11:06:44.507 [main] WARN  o.s.data.convert.CustomConversions.register - Registering converter from class java.time.LocalDateTime to class java.time.Instant as reading converter although it doesn't convert from a store-supported type! You might wanna check you annotation setup at the converter implementation.
07-10-2019 11:06:44.507 [main] WARN  o.s.data.convert.CustomConversions.register - Registering converter from class java.time.Instant to class java.time.LocalDateTime as reading converter although it doesn't convert from a store-supported type! You might wanna check you annotation setup at the converter implementation.
07-10-2019 11:06:44.522 [main] WARN  o.s.data.convert.CustomConversions.register - Registering converter from class java.time.LocalDateTime to class java.time.Instant as reading converter although it doesn't convert from a store-supported type! You might wanna check you annotation setup at the converter implementation.
07-10-2019 11:06:44.523 [main] WARN  o.s.data.convert.CustomConversions.register - Registering converter from class java.time.Instant to class java.time.LocalDateTime as reading converter although it doesn't convert from a store-supported type! You might wanna check you annotation setup at the converter implementation.
07-10-2019 11:06:44.753 [main] INFO  o.s.s.c.ThreadPoolTaskExecutor.initialize - Initializing ExecutorService 'applicationTaskExecutor'
07-10-2019 11:06:44.844 [main] INFO  o.a.coyote.http11.Http11NioProtocol.log - Starting ProtocolHandler ["http-nio-8080"]
07-10-2019 11:06:44.859 [main] INFO  o.s.b.w.e.tomcat.TomcatWebServer.start - Tomcat started on port(s): 8080 (http) with context path ''
07-10-2019 11:06:44.861 [main] INFO  c.w.t.d.DevelopmentApplication.logStarted - Started DevelopmentApplication in 2.11 seconds (JVM running for 2.817)
07-10-2019 11:07:10.782 [http-nio-8080-exec-1] INFO  o.a.c.c.C.[Tomcat].[localhost].[/].log - Initializing Spring DispatcherServlet 'dispatcherServlet'
07-10-2019 11:07:10.783 [http-nio-8080-exec-1] INFO  o.s.web.servlet.DispatcherServlet.initServletBean - Initializing Servlet 'dispatcherServlet'
07-10-2019 11:07:10.787 [http-nio-8080-exec-1] INFO  o.s.web.servlet.DispatcherServlet.initServletBean - Completed initialization in 4 ms
07-10-2019 11:07:10.913 [http-nio-8080-exec-1] INFO  org.mongodb.driver.connection.info - Opened connection [connectionId{localValue:2, serverValue:149671}] to 10.10.230.145:27017
07-10-2019 11:07:37.060 [http-nio-8080-exec-2] INFO  org.mongodb.driver.connection.info - Opened connection [connectionId{localValue:3, serverValue:149672}] to 10.10.230.145:27017
07-10-2019 11:07:47.819 [http-nio-8080-exec-3] INFO  org.mongodb.driver.connection.info - Opened connection [connectionId{localValue:4, serverValue:149673}] to 10.10.230.145:27017
07-10-2019 11:08:03.820 [http-nio-8080-exec-4] INFO  org.mongodb.driver.connection.info - Opened connection [connectionId{localValue:5, serverValue:149674}] to 10.10.230.145:27017
07-10-2019 11:08:38.509 [http-nio-8080-exec-5] INFO  org.mongodb.driver.connection.info - Opened connection [connectionId{localValue:6, serverValue:149676}] to 10.10.230.145:27017
07-10-2019 11:08:57.706 [http-nio-8080-exec-6] INFO  org.mongodb.driver.connection.info - Opened connection [connectionId{localValue:7, serverValue:149677}] to 10.10.230.145:27017
07-10-2019 11:09:02.691 [Thread-7] INFO  o.s.s.c.ThreadPoolTaskExecutor.shutdown - Shutting down ExecutorService 'applicationTaskExecutor'
07-10-2019 11:09:03.127 [http-nio-8080-exec-3] INFO  org.mongodb.driver.connection.info - Closed connection [connectionId{localValue:4, serverValue:149673}] to 10.10.230.145:27017 because the pool has been closed.
07-10-2019 11:09:04.498 [http-nio-8080-exec-2] INFO  org.mongodb.driver.connection.info - Closed connection [connectionId{localValue:3, serverValue:149672}] to 10.10.230.145:27017 because the pool has been closed.
07-10-2019 11:09:04.960 [http-nio-8080-exec-5] INFO  org.mongodb.driver.connection.info - Closed connection [connectionId{localValue:6, serverValue:149676}] to 10.10.230.145:27017 because the pool has been closed.
07-10-2019 11:09:04.985 [http-nio-8080-exec-4] INFO  org.mongodb.driver.connection.info - Closed connection [connectionId{localValue:5, serverValue:149674}] to 10.10.230.145:27017 because the pool has been closed.
07-10-2019 11:09:05.172 [http-nio-8080-exec-6] INFO  org.mongodb.driver.connection.info - Closed connection [connectionId{localValue:7, serverValue:149677}] to 10.10.230.145:27017 because the pool has been closed.
07-10-2019 11:09:20.960 [main] INFO  c.w.t.d.DevelopmentApplication.logStarting - Starting DevelopmentApplication on 5K1X8X2 with PID 10384 (C:\Wirecard\wms-deployment-history\target\classes started by denis.prasetio in C:\Wirecard\wms-deployment-history)
07-10-2019 11:09:20.962 [main] INFO  c.w.t.d.DevelopmentApplication.logStartupProfileInfo - No active profile set, falling back to default profiles: default
07-10-2019 11:09:21.320 [main] INFO  o.s.d.r.c.RepositoryConfigurationDelegate.registerRepositoriesIn - Bootstrapping Spring Data repositories in DEFAULT mode.
07-10-2019 11:09:21.361 [main] INFO  o.s.d.r.c.RepositoryConfigurationDelegate.registerRepositoriesIn - Finished Spring Data repository scanning in 33ms. Found 1 repository interfaces.
07-10-2019 11:09:21.636 [main] INFO  o.s.b.w.e.tomcat.TomcatWebServer.initialize - Tomcat initialized with port(s): 8080 (http)
07-10-2019 11:09:21.646 [main] INFO  o.a.coyote.http11.Http11NioProtocol.log - Initializing ProtocolHandler ["http-nio-8080"]
07-10-2019 11:09:21.651 [main] INFO  o.a.catalina.core.StandardService.log - Starting service [Tomcat]
07-10-2019 11:09:21.651 [main] INFO  o.a.catalina.core.StandardEngine.log - Starting Servlet engine: [Apache Tomcat/9.0.26]
07-10-2019 11:09:21.720 [main] INFO  o.a.c.c.C.[Tomcat].[localhost].[/].log - Initializing Spring embedded WebApplicationContext
07-10-2019 11:09:21.720 [main] INFO  o.s.web.context.ContextLoader.prepareWebApplicationContext - Root WebApplicationContext: initialization completed in 730 ms
07-10-2019 11:09:22.348 [main] INFO  org.mongodb.driver.cluster.info - Cluster created with settings {hosts=[localhost:27017], mode=MULTIPLE, requiredClusterType=UNKNOWN, serverSelectionTimeout='30000 ms', maxWaitQueueSize=500}
07-10-2019 11:09:22.349 [main] INFO  org.mongodb.driver.cluster.info - Adding discovered server localhost:27017 to client view of cluster
07-10-2019 11:09:22.387 [cluster-ClusterId{value='5d9aba722bcdd62890cce907', description='null'}-localhost:27017] INFO  org.mongodb.driver.connection.info - Opened connection [connectionId{localValue:1, serverValue:3}] to localhost:27017
07-10-2019 11:09:22.390 [cluster-ClusterId{value='5d9aba722bcdd62890cce907', description='null'}-localhost:27017] INFO  org.mongodb.driver.cluster.info - Monitor thread successfully connected to server with description ServerDescription{address=localhost:27017, type=STANDALONE, state=CONNECTED, ok=true, version=ServerVersion{versionList=[4, 2, 0]}, minWireVersion=0, maxWireVersion=8, maxDocumentSize=16777216, logicalSessionTimeoutMinutes=30, roundTripTimeNanos=2020700}
07-10-2019 11:09:22.391 [cluster-ClusterId{value='5d9aba722bcdd62890cce907', description='null'}-localhost:27017] INFO  org.mongodb.driver.cluster.info - Discovered cluster type of STANDALONE
07-10-2019 11:09:22.460 [main] WARN  o.s.data.convert.CustomConversions.register - Registering converter from class java.time.LocalDateTime to class java.time.Instant as reading converter although it doesn't convert from a store-supported type! You might wanna check you annotation setup at the converter implementation.
07-10-2019 11:09:22.460 [main] WARN  o.s.data.convert.CustomConversions.register - Registering converter from class java.time.Instant to class java.time.LocalDateTime as reading converter although it doesn't convert from a store-supported type! You might wanna check you annotation setup at the converter implementation.
07-10-2019 11:09:22.474 [main] WARN  o.s.data.convert.CustomConversions.register - Registering converter from class java.time.LocalDateTime to class java.time.Instant as reading converter although it doesn't convert from a store-supported type! You might wanna check you annotation setup at the converter implementation.
07-10-2019 11:09:22.475 [main] WARN  o.s.data.convert.CustomConversions.register - Registering converter from class java.time.Instant to class java.time.LocalDateTime as reading converter although it doesn't convert from a store-supported type! You might wanna check you annotation setup at the converter implementation.
07-10-2019 11:09:22.720 [main] INFO  o.s.s.c.ThreadPoolTaskExecutor.initialize - Initializing ExecutorService 'applicationTaskExecutor'
07-10-2019 11:09:22.814 [main] INFO  o.a.coyote.http11.Http11NioProtocol.log - Starting ProtocolHandler ["http-nio-8080"]
07-10-2019 11:09:22.829 [main] INFO  o.s.b.w.e.tomcat.TomcatWebServer.start - Tomcat started on port(s): 8080 (http) with context path ''
07-10-2019 11:09:22.831 [main] INFO  c.w.t.d.DevelopmentApplication.logStarted - Started DevelopmentApplication in 2.123 seconds (JVM running for 3.066)
07-10-2019 11:09:29.885 [http-nio-8080-exec-1] INFO  o.a.c.c.C.[Tomcat].[localhost].[/].log - Initializing Spring DispatcherServlet 'dispatcherServlet'
07-10-2019 11:09:29.886 [http-nio-8080-exec-1] INFO  o.s.web.servlet.DispatcherServlet.initServletBean - Initializing Servlet 'dispatcherServlet'
07-10-2019 11:09:29.891 [http-nio-8080-exec-1] INFO  o.s.web.servlet.DispatcherServlet.initServletBean - Completed initialization in 5 ms
07-10-2019 11:09:29.943 [http-nio-8080-exec-1] INFO  org.mongodb.driver.connection.info - Opened connection [connectionId{localValue:2, serverValue:4}] to localhost:27017
07-10-2019 11:41:07.209 [Thread-7] INFO  o.s.s.c.ThreadPoolTaskExecutor.shutdown - Shutting down ExecutorService 'applicationTaskExecutor'
07-10-2019 11:41:07.211 [Thread-7] INFO  org.mongodb.driver.connection.info - Closed connection [connectionId{localValue:2, serverValue:4}] to localhost:27017 because the pool has been closed.
07-10-2019 11:41:13.072 [main] INFO  c.w.t.d.DevelopmentApplication.logStarting - Starting DevelopmentApplication on 5K1X8X2 with PID 11560 (C:\Wirecard\wms-deployment-history\target\classes started by denis.prasetio in C:\Wirecard\wms-deployment-history)
07-10-2019 11:41:13.074 [main] INFO  c.w.t.d.DevelopmentApplication.logStartupProfileInfo - No active profile set, falling back to default profiles: default
07-10-2019 11:41:13.427 [main] INFO  o.s.d.r.c.RepositoryConfigurationDelegate.registerRepositoriesIn - Bootstrapping Spring Data repositories in DEFAULT mode.
07-10-2019 11:41:13.469 [main] INFO  o.s.d.r.c.RepositoryConfigurationDelegate.registerRepositoriesIn - Finished Spring Data repository scanning in 39ms. Found 1 repository interfaces.
07-10-2019 11:41:13.734 [main] INFO  o.s.b.w.e.tomcat.TomcatWebServer.initialize - Tomcat initialized with port(s): 8080 (http)
07-10-2019 11:41:13.742 [main] INFO  o.a.coyote.http11.Http11NioProtocol.log - Initializing ProtocolHandler ["http-nio-8080"]
07-10-2019 11:41:13.748 [main] INFO  o.a.catalina.core.StandardService.log - Starting service [Tomcat]
07-10-2019 11:41:13.748 [main] INFO  o.a.catalina.core.StandardEngine.log - Starting Servlet engine: [Apache Tomcat/9.0.26]
07-10-2019 11:41:13.813 [main] INFO  o.a.c.c.C.[Tomcat].[localhost].[/].log - Initializing Spring embedded WebApplicationContext
07-10-2019 11:41:13.814 [main] INFO  o.s.web.context.ContextLoader.prepareWebApplicationContext - Root WebApplicationContext: initialization completed in 714 ms
07-10-2019 11:41:14.440 [main] INFO  org.mongodb.driver.cluster.info - Cluster created with settings {hosts=[localhost:27017], mode=MULTIPLE, requiredClusterType=UNKNOWN, serverSelectionTimeout='30000 ms', maxWaitQueueSize=500}
07-10-2019 11:41:14.441 [main] INFO  org.mongodb.driver.cluster.info - Adding discovered server localhost:27017 to client view of cluster
07-10-2019 11:41:14.477 [cluster-ClusterId{value='5d9ac1ea2bcdd62d2807b5b3', description='null'}-localhost:27017] INFO  org.mongodb.driver.connection.info - Opened connection [connectionId{localValue:1, serverValue:5}] to localhost:27017
07-10-2019 11:41:14.480 [cluster-ClusterId{value='5d9ac1ea2bcdd62d2807b5b3', description='null'}-localhost:27017] INFO  org.mongodb.driver.cluster.info - Monitor thread successfully connected to server with description ServerDescription{address=localhost:27017, type=STANDALONE, state=CONNECTED, ok=true, version=ServerVersion{versionList=[4, 2, 0]}, minWireVersion=0, maxWireVersion=8, maxDocumentSize=16777216, logicalSessionTimeoutMinutes=30, roundTripTimeNanos=1914600}
07-10-2019 11:41:14.481 [cluster-ClusterId{value='5d9ac1ea2bcdd62d2807b5b3', description='null'}-localhost:27017] INFO  org.mongodb.driver.cluster.info - Discovered cluster type of STANDALONE
07-10-2019 11:41:14.549 [main] WARN  o.s.data.convert.CustomConversions.register - Registering converter from class java.time.LocalDateTime to class java.time.Instant as reading converter although it doesn't convert from a store-supported type! You might wanna check you annotation setup at the converter implementation.
07-10-2019 11:41:14.550 [main] WARN  o.s.data.convert.CustomConversions.register - Registering converter from class java.time.Instant to class java.time.LocalDateTime as reading converter although it doesn't convert from a store-supported type! You might wanna check you annotation setup at the converter implementation.
07-10-2019 11:41:14.564 [main] WARN  o.s.data.convert.CustomConversions.register - Registering converter from class java.time.LocalDateTime to class java.time.Instant as reading converter although it doesn't convert from a store-supported type! You might wanna check you annotation setup at the converter implementation.
07-10-2019 11:41:14.564 [main] WARN  o.s.data.convert.CustomConversions.register - Registering converter from class java.time.Instant to class java.time.LocalDateTime as reading converter although it doesn't convert from a store-supported type! You might wanna check you annotation setup at the converter implementation.
07-10-2019 11:41:14.794 [main] INFO  o.s.s.c.ThreadPoolTaskExecutor.initialize - Initializing ExecutorService 'applicationTaskExecutor'
07-10-2019 11:41:14.880 [main] INFO  o.a.coyote.http11.Http11NioProtocol.log - Starting ProtocolHandler ["http-nio-8080"]
07-10-2019 11:41:14.895 [main] INFO  o.s.b.w.e.tomcat.TomcatWebServer.start - Tomcat started on port(s): 8080 (http) with context path ''
07-10-2019 11:41:14.896 [main] INFO  c.w.t.d.DevelopmentApplication.logStarted - Started DevelopmentApplication in 2.045 seconds (JVM running for 2.749)
07-10-2019 11:41:31.056 [http-nio-8080-exec-1] INFO  o.a.c.c.C.[Tomcat].[localhost].[/].log - Initializing Spring DispatcherServlet 'dispatcherServlet'
07-10-2019 11:41:31.056 [http-nio-8080-exec-1] INFO  o.s.web.servlet.DispatcherServlet.initServletBean - Initializing Servlet 'dispatcherServlet'
07-10-2019 11:41:31.060 [http-nio-8080-exec-1] INFO  o.s.web.servlet.DispatcherServlet.initServletBean - Completed initialization in 4 ms
07-10-2019 11:41:31.079 [http-nio-8080-exec-1] WARN  o.s.w.s.m.s.DefaultHandlerExceptionResolver.logException - Resolved [org.springframework.web.bind.MissingPathVariableException: Missing URI template variable 'startTime' for method parameter of type String]
07-10-2019 11:41:42.334 [Thread-6] INFO  o.s.s.c.ThreadPoolTaskExecutor.shutdown - Shutting down ExecutorService 'applicationTaskExecutor'
07-10-2019 11:41:45.721 [main] INFO  c.w.t.d.DevelopmentApplication.logStarting - Starting DevelopmentApplication on 5K1X8X2 with PID 9084 (C:\Wirecard\wms-deployment-history\target\classes started by denis.prasetio in C:\Wirecard\wms-deployment-history)
07-10-2019 11:41:45.723 [main] INFO  c.w.t.d.DevelopmentApplication.logStartupProfileInfo - No active profile set, falling back to default profiles: default
07-10-2019 11:41:46.076 [main] INFO  o.s.d.r.c.RepositoryConfigurationDelegate.registerRepositoriesIn - Bootstrapping Spring Data repositories in DEFAULT mode.
07-10-2019 11:41:46.121 [main] INFO  o.s.d.r.c.RepositoryConfigurationDelegate.registerRepositoriesIn - Finished Spring Data repository scanning in 41ms. Found 1 repository interfaces.
07-10-2019 11:41:46.383 [main] INFO  o.s.b.w.e.tomcat.TomcatWebServer.initialize - Tomcat initialized with port(s): 8080 (http)
07-10-2019 11:41:46.392 [main] INFO  o.a.coyote.http11.Http11NioProtocol.log - Initializing ProtocolHandler ["http-nio-8080"]
07-10-2019 11:41:46.397 [main] INFO  o.a.catalina.core.StandardService.log - Starting service [Tomcat]
07-10-2019 11:41:46.397 [main] INFO  o.a.catalina.core.StandardEngine.log - Starting Servlet engine: [Apache Tomcat/9.0.26]
07-10-2019 11:41:46.463 [main] INFO  o.a.c.c.C.[Tomcat].[localhost].[/].log - Initializing Spring embedded WebApplicationContext
07-10-2019 11:41:46.463 [main] INFO  o.s.web.context.ContextLoader.prepareWebApplicationContext - Root WebApplicationContext: initialization completed in 715 ms
07-10-2019 11:41:47.112 [main] INFO  org.mongodb.driver.cluster.info - Cluster created with settings {hosts=[localhost:27017], mode=MULTIPLE, requiredClusterType=UNKNOWN, serverSelectionTimeout='30000 ms', maxWaitQueueSize=500}
07-10-2019 11:41:47.112 [main] INFO  org.mongodb.driver.cluster.info - Adding discovered server localhost:27017 to client view of cluster
07-10-2019 11:41:47.149 [cluster-ClusterId{value='5d9ac20b2bcdd6237cd54f67', description='null'}-localhost:27017] INFO  org.mongodb.driver.connection.info - Opened connection [connectionId{localValue:1, serverValue:6}] to localhost:27017
07-10-2019 11:41:47.152 [cluster-ClusterId{value='5d9ac20b2bcdd6237cd54f67', description='null'}-localhost:27017] INFO  org.mongodb.driver.cluster.info - Monitor thread successfully connected to server with description ServerDescription{address=localhost:27017, type=STANDALONE, state=CONNECTED, ok=true, version=ServerVersion{versionList=[4, 2, 0]}, minWireVersion=0, maxWireVersion=8, maxDocumentSize=16777216, logicalSessionTimeoutMinutes=30, roundTripTimeNanos=2039100}
07-10-2019 11:41:47.153 [cluster-ClusterId{value='5d9ac20b2bcdd6237cd54f67', description='null'}-localhost:27017] INFO  org.mongodb.driver.cluster.info - Discovered cluster type of STANDALONE
07-10-2019 11:41:47.221 [main] WARN  o.s.data.convert.CustomConversions.register - Registering converter from class java.time.LocalDateTime to class java.time.Instant as reading converter although it doesn't convert from a store-supported type! You might wanna check you annotation setup at the converter implementation.
07-10-2019 11:41:47.222 [main] WARN  o.s.data.convert.CustomConversions.register - Registering converter from class java.time.Instant to class java.time.LocalDateTime as reading converter although it doesn't convert from a store-supported type! You might wanna check you annotation setup at the converter implementation.
07-10-2019 11:41:47.237 [main] WARN  o.s.data.convert.CustomConversions.register - Registering converter from class java.time.LocalDateTime to class java.time.Instant as reading converter although it doesn't convert from a store-supported type! You might wanna check you annotation setup at the converter implementation.
07-10-2019 11:41:47.237 [main] WARN  o.s.data.convert.CustomConversions.register - Registering converter from class java.time.Instant to class java.time.LocalDateTime as reading converter although it doesn't convert from a store-supported type! You might wanna check you annotation setup at the converter implementation.
07-10-2019 11:41:47.466 [main] INFO  o.s.s.c.ThreadPoolTaskExecutor.initialize - Initializing ExecutorService 'applicationTaskExecutor'
07-10-2019 11:41:47.554 [main] INFO  o.a.coyote.http11.Http11NioProtocol.log - Starting ProtocolHandler ["http-nio-8080"]
07-10-2019 11:41:47.569 [main] INFO  o.s.b.w.e.tomcat.TomcatWebServer.start - Tomcat started on port(s): 8080 (http) with context path ''
07-10-2019 11:41:47.571 [main] INFO  c.w.t.d.DevelopmentApplication.logStarted - Started DevelopmentApplication in 2.084 seconds (JVM running for 2.782)
07-10-2019 11:41:50.304 [http-nio-8080-exec-1] INFO  o.a.c.c.C.[Tomcat].[localhost].[/].log - Initializing Spring DispatcherServlet 'dispatcherServlet'
07-10-2019 11:41:50.304 [http-nio-8080-exec-1] INFO  o.s.web.servlet.DispatcherServlet.initServletBean - Initializing Servlet 'dispatcherServlet'
07-10-2019 11:41:50.308 [http-nio-8080-exec-1] INFO  o.s.web.servlet.DispatcherServlet.initServletBean - Completed initialization in 4 ms
07-10-2019 11:41:50.327 [http-nio-8080-exec-1] WARN  o.s.w.s.m.s.DefaultHandlerExceptionResolver.logException - Resolved [org.springframework.web.bind.MissingPathVariableException: Missing URI template variable 'startTime' for method parameter of type String]
07-10-2019 11:41:55.738 [Thread-6] INFO  o.s.s.c.ThreadPoolTaskExecutor.shutdown - Shutting down ExecutorService 'applicationTaskExecutor'
07-10-2019 11:42:46.422 [main] INFO  c.w.t.d.DevelopmentApplication.logStarting - Starting DevelopmentApplication on 5K1X8X2 with PID 10000 (C:\Wirecard\wms-deployment-history\target\classes started by denis.prasetio in C:\Wirecard\wms-deployment-history)
07-10-2019 11:42:46.425 [main] INFO  c.w.t.d.DevelopmentApplication.logStartupProfileInfo - No active profile set, falling back to default profiles: default
07-10-2019 11:42:46.828 [main] INFO  o.s.d.r.c.RepositoryConfigurationDelegate.registerRepositoriesIn - Bootstrapping Spring Data repositories in DEFAULT mode.
07-10-2019 11:42:46.870 [main] INFO  o.s.d.r.c.RepositoryConfigurationDelegate.registerRepositoriesIn - Finished Spring Data repository scanning in 39ms. Found 1 repository interfaces.
07-10-2019 11:42:47.157 [main] INFO  o.s.b.w.e.tomcat.TomcatWebServer.initialize - Tomcat initialized with port(s): 8080 (http)
07-10-2019 11:42:47.167 [main] INFO  o.a.coyote.http11.Http11NioProtocol.log - Initializing ProtocolHandler ["http-nio-8080"]
07-10-2019 11:42:47.173 [main] INFO  o.a.catalina.core.StandardService.log - Starting service [Tomcat]
07-10-2019 11:42:47.174 [main] INFO  o.a.catalina.core.StandardEngine.log - Starting Servlet engine: [Apache Tomcat/9.0.26]
07-10-2019 11:42:47.245 [main] INFO  o.a.c.c.C.[Tomcat].[localhost].[/].log - Initializing Spring embedded WebApplicationContext
07-10-2019 11:42:47.246 [main] INFO  o.s.web.context.ContextLoader.prepareWebApplicationContext - Root WebApplicationContext: initialization completed in 795 ms
07-10-2019 11:42:47.941 [main] INFO  org.mongodb.driver.cluster.info - Cluster created with settings {hosts=[localhost:27017], mode=MULTIPLE, requiredClusterType=UNKNOWN, serverSelectionTimeout='30000 ms', maxWaitQueueSize=500}
07-10-2019 11:42:47.941 [main] INFO  org.mongodb.driver.cluster.info - Adding discovered server localhost:27017 to client view of cluster
07-10-2019 11:42:47.989 [cluster-ClusterId{value='5d9ac2472bcdd62710c3790b', description='null'}-localhost:27017] INFO  org.mongodb.driver.connection.info - Opened connection [connectionId{localValue:1, serverValue:7}] to localhost:27017
07-10-2019 11:42:47.992 [cluster-ClusterId{value='5d9ac2472bcdd62710c3790b', description='null'}-localhost:27017] INFO  org.mongodb.driver.cluster.info - Monitor thread successfully connected to server with description ServerDescription{address=localhost:27017, type=STANDALONE, state=CONNECTED, ok=true, version=ServerVersion{versionList=[4, 2, 0]}, minWireVersion=0, maxWireVersion=8, maxDocumentSize=16777216, logicalSessionTimeoutMinutes=30, roundTripTimeNanos=1895300}
07-10-2019 11:42:47.992 [cluster-ClusterId{value='5d9ac2472bcdd62710c3790b', description='null'}-localhost:27017] INFO  org.mongodb.driver.cluster.info - Discovered cluster type of STANDALONE
07-10-2019 11:42:48.075 [main] WARN  o.s.data.convert.CustomConversions.register - Registering converter from class java.time.LocalDateTime to class java.time.Instant as reading converter although it doesn't convert from a store-supported type! You might wanna check you annotation setup at the converter implementation.
07-10-2019 11:42:48.075 [main] WARN  o.s.data.convert.CustomConversions.register - Registering converter from class java.time.Instant to class java.time.LocalDateTime as reading converter although it doesn't convert from a store-supported type! You might wanna check you annotation setup at the converter implementation.
07-10-2019 11:42:48.091 [main] WARN  o.s.data.convert.CustomConversions.register - Registering converter from class java.time.LocalDateTime to class java.time.Instant as reading converter although it doesn't convert from a store-supported type! You might wanna check you annotation setup at the converter implementation.
07-10-2019 11:42:48.092 [main] WARN  o.s.data.convert.CustomConversions.register - Registering converter from class java.time.Instant to class java.time.LocalDateTime as reading converter although it doesn't convert from a store-supported type! You might wanna check you annotation setup at the converter implementation.
07-10-2019 11:42:48.374 [main] INFO  o.s.s.c.ThreadPoolTaskExecutor.initialize - Initializing ExecutorService 'applicationTaskExecutor'
07-10-2019 11:42:48.469 [main] INFO  o.a.coyote.http11.Http11NioProtocol.log - Starting ProtocolHandler ["http-nio-8080"]
07-10-2019 11:42:48.487 [main] INFO  o.s.b.w.e.tomcat.TomcatWebServer.start - Tomcat started on port(s): 8080 (http) with context path ''
07-10-2019 11:42:48.488 [main] INFO  c.w.t.d.DevelopmentApplication.logStarted - Started DevelopmentApplication in 2.315 seconds (JVM running for 3.074)
07-10-2019 11:42:59.816 [http-nio-8080-exec-1] INFO  o.a.c.c.C.[Tomcat].[localhost].[/].log - Initializing Spring DispatcherServlet 'dispatcherServlet'
07-10-2019 11:42:59.816 [http-nio-8080-exec-1] INFO  o.s.web.servlet.DispatcherServlet.initServletBean - Initializing Servlet 'dispatcherServlet'
07-10-2019 11:42:59.820 [http-nio-8080-exec-1] INFO  o.s.web.servlet.DispatcherServlet.initServletBean - Completed initialization in 4 ms
07-10-2019 11:43:08.208 [http-nio-8080-exec-1] INFO  org.mongodb.driver.connection.info - Opened connection [connectionId{localValue:2, serverValue:8}] to localhost:27017
07-10-2019 11:43:08.229 [Thread-6] INFO  o.s.s.c.ThreadPoolTaskExecutor.shutdown - Shutting down ExecutorService 'applicationTaskExecutor'
07-10-2019 11:43:08.278 [http-nio-8080-exec-1] INFO  org.mongodb.driver.connection.info - Closed connection [connectionId{localValue:2, serverValue:8}] to localhost:27017 because the pool has been closed.
07-10-2019 11:48:27.962 [main] INFO  c.w.t.d.DevelopmentApplication.logStarting - Starting DevelopmentApplication on 5K1X8X2 with PID 7604 (C:\Wirecard\wms-deployment-history\target\classes started by denis.prasetio in C:\Wirecard\wms-deployment-history)
07-10-2019 11:48:27.964 [main] INFO  c.w.t.d.DevelopmentApplication.logStartupProfileInfo - No active profile set, falling back to default profiles: default
07-10-2019 11:48:28.329 [main] INFO  o.s.d.r.c.RepositoryConfigurationDelegate.registerRepositoriesIn - Bootstrapping Spring Data repositories in DEFAULT mode.
07-10-2019 11:48:28.374 [main] INFO  o.s.d.r.c.RepositoryConfigurationDelegate.registerRepositoriesIn - Finished Spring Data repository scanning in 41ms. Found 1 repository interfaces.
07-10-2019 11:48:28.649 [main] INFO  o.s.b.w.e.tomcat.TomcatWebServer.initialize - Tomcat initialized with port(s): 8080 (http)
07-10-2019 11:48:28.658 [main] INFO  o.a.coyote.http11.Http11NioProtocol.log - Initializing ProtocolHandler ["http-nio-8080"]
07-10-2019 11:48:28.664 [main] INFO  o.a.catalina.core.StandardService.log - Starting service [Tomcat]
07-10-2019 11:48:28.664 [main] INFO  o.a.catalina.core.StandardEngine.log - Starting Servlet engine: [Apache Tomcat/9.0.26]
07-10-2019 11:48:28.736 [main] INFO  o.a.c.c.C.[Tomcat].[localhost].[/].log - Initializing Spring embedded WebApplicationContext
07-10-2019 11:48:28.737 [main] INFO  o.s.web.context.ContextLoader.prepareWebApplicationContext - Root WebApplicationContext: initialization completed in 747 ms
07-10-2019 11:48:28.775 [main] WARN  o.s.b.w.s.c.AnnotationConfigServletWebServerApplicationContext.refresh - Exception encountered during context initialization - cancelling refresh attempt: org.springframework.beans.factory.BeanCreationException: Error creating bean with name 'historyController' defined in file [C:\Wirecard\wms-deployment-history\target\classes\com\wirecard\tools\development\web\HistoryController.class]: Instantiation of bean failed; nested exception is org.springframework.beans.BeanInstantiationException: Failed to instantiate [com.wirecard.tools.development.web.HistoryController]: Constructor threw exception; nested exception is java.lang.IllegalArgumentException: Illegal pattern character 'T'
07-10-2019 11:48:28.777 [main] INFO  o.a.catalina.core.StandardService.log - Stopping service [Tomcat]
07-10-2019 11:48:28.784 [main] INFO  o.s.b.a.l.ConditionEvaluationReportLoggingListener.logMessage - 

Error starting ApplicationContext. To display the conditions report re-run your application with 'debug' enabled.
07-10-2019 11:48:28.791 [main] ERROR o.s.boot.SpringApplication.reportFailure - Application run failed
org.springframework.beans.factory.BeanCreationException: Error creating bean with name 'historyController' defined in file [C:\Wirecard\wms-deployment-history\target\classes\com\wirecard\tools\development\web\HistoryController.class]: Instantiation of bean failed; nested exception is org.springframework.beans.BeanInstantiationException: Failed to instantiate [com.wirecard.tools.development.web.HistoryController]: Constructor threw exception; nested exception is java.lang.IllegalArgumentException: Illegal pattern character 'T'
	at org.springframework.beans.factory.support.AbstractAutowireCapableBeanFactory.instantiateBean(AbstractAutowireCapableBeanFactory.java:1303)
	at org.springframework.beans.factory.support.AbstractAutowireCapableBeanFactory.createBeanInstance(AbstractAutowireCapableBeanFactory.java:1197)
	at org.springframework.beans.factory.support.AbstractAutowireCapableBeanFactory.doCreateBean(AbstractAutowireCapableBeanFactory.java:555)
	at org.springframework.beans.factory.support.AbstractAutowireCapableBeanFactory.createBean(AbstractAutowireCapableBeanFactory.java:515)
	at org.springframework.beans.factory.support.AbstractBeanFactory.lambda$doGetBean$0(AbstractBeanFactory.java:320)
	at org.springframework.beans.factory.support.DefaultSingletonBeanRegistry.getSingleton(DefaultSingletonBeanRegistry.java:222)
	at org.springframework.beans.factory.support.AbstractBeanFactory.doGetBean(AbstractBeanFactory.java:318)
	at org.springframework.beans.factory.support.AbstractBeanFactory.getBean(AbstractBeanFactory.java:199)
	at org.springframework.beans.factory.support.DefaultListableBeanFactory.preInstantiateSingletons(DefaultListableBeanFactory.java:847)
	at org.springframework.context.support.AbstractApplicationContext.finishBeanFactoryInitialization(AbstractApplicationContext.java:877)
	at org.springframework.context.support.AbstractApplicationContext.refresh(AbstractApplicationContext.java:549)
	at org.springframework.boot.web.servlet.context.ServletWebServerApplicationContext.refresh(ServletWebServerApplicationContext.java:141)
	at org.springframework.boot.SpringApplication.refresh(SpringApplication.java:744)
	at org.springframework.boot.SpringApplication.refreshContext(SpringApplication.java:391)
	at org.springframework.boot.SpringApplication.run(SpringApplication.java:312)
	at org.springframework.boot.SpringApplication.run(SpringApplication.java:1215)
	at org.springframework.boot.SpringApplication.run(SpringApplication.java:1204)
	at com.wirecard.tools.development.DevelopmentApplication.main(DevelopmentApplication.java:10)
Caused by: org.springframework.beans.BeanInstantiationException: Failed to instantiate [com.wirecard.tools.development.web.HistoryController]: Constructor threw exception; nested exception is java.lang.IllegalArgumentException: Illegal pattern character 'T'
	at org.springframework.beans.BeanUtils.instantiateClass(BeanUtils.java:184)
	at org.springframework.beans.factory.support.SimpleInstantiationStrategy.instantiate(SimpleInstantiationStrategy.java:87)
	at org.springframework.beans.factory.support.AbstractAutowireCapableBeanFactory.instantiateBean(AbstractAutowireCapableBeanFactory.java:1295)
	... 17 common frames omitted
Caused by: java.lang.IllegalArgumentException: Illegal pattern character 'T'
	at java.text.SimpleDateFormat.compile(SimpleDateFormat.java:826)
	at java.text.SimpleDateFormat.initialize(SimpleDateFormat.java:634)
	at java.text.SimpleDateFormat.<init>(SimpleDateFormat.java:605)
	at java.text.SimpleDateFormat.<init>(SimpleDateFormat.java:580)
	at com.wirecard.tools.development.web.HistoryController.<init>(HistoryController.java:31)
	at sun.reflect.NativeConstructorAccessorImpl.newInstance0(Native Method)
	at sun.reflect.NativeConstructorAccessorImpl.newInstance(NativeConstructorAccessorImpl.java:62)
	at sun.reflect.DelegatingConstructorAccessorImpl.newInstance(DelegatingConstructorAccessorImpl.java:45)
	at java.lang.reflect.Constructor.newInstance(Constructor.java:423)
	at org.springframework.beans.BeanUtils.instantiateClass(BeanUtils.java:172)
	... 19 common frames omitted
07-10-2019 11:50:54.089 [main] INFO  c.w.t.d.DevelopmentApplication.logStarting - Starting DevelopmentApplication on 5K1X8X2 with PID 9584 (C:\Wirecard\wms-deployment-history\target\classes started by denis.prasetio in C:\Wirecard\wms-deployment-history)
07-10-2019 11:50:54.093 [main] INFO  c.w.t.d.DevelopmentApplication.logStartupProfileInfo - No active profile set, falling back to default profiles: default
07-10-2019 11:50:54.468 [main] INFO  o.s.d.r.c.RepositoryConfigurationDelegate.registerRepositoriesIn - Bootstrapping Spring Data repositories in DEFAULT mode.
07-10-2019 11:50:54.509 [main] INFO  o.s.d.r.c.RepositoryConfigurationDelegate.registerRepositoriesIn - Finished Spring Data repository scanning in 38ms. Found 1 repository interfaces.
07-10-2019 11:50:54.777 [main] INFO  o.s.b.w.e.tomcat.TomcatWebServer.initialize - Tomcat initialized with port(s): 8080 (http)
07-10-2019 11:50:54.785 [main] INFO  o.a.coyote.http11.Http11NioProtocol.log - Initializing ProtocolHandler ["http-nio-8080"]
07-10-2019 11:50:54.790 [main] INFO  o.a.catalina.core.StandardService.log - Starting service [Tomcat]
07-10-2019 11:50:54.791 [main] INFO  o.a.catalina.core.StandardEngine.log - Starting Servlet engine: [Apache Tomcat/9.0.26]
07-10-2019 11:50:54.857 [main] INFO  o.a.c.c.C.[Tomcat].[localhost].[/].log - Initializing Spring embedded WebApplicationContext
07-10-2019 11:50:54.857 [main] INFO  o.s.web.context.ContextLoader.prepareWebApplicationContext - Root WebApplicationContext: initialization completed in 739 ms
07-10-2019 11:50:55.484 [main] INFO  org.mongodb.driver.cluster.info - Cluster created with settings {hosts=[localhost:27017], mode=MULTIPLE, requiredClusterType=UNKNOWN, serverSelectionTimeout='30000 ms', maxWaitQueueSize=500}
07-10-2019 11:50:55.484 [main] INFO  org.mongodb.driver.cluster.info - Adding discovered server localhost:27017 to client view of cluster
07-10-2019 11:50:55.521 [cluster-ClusterId{value='5d9ac42f2bcdd62570051885', description='null'}-localhost:27017] INFO  org.mongodb.driver.connection.info - Opened connection [connectionId{localValue:1, serverValue:9}] to localhost:27017
07-10-2019 11:50:55.524 [cluster-ClusterId{value='5d9ac42f2bcdd62570051885', description='null'}-localhost:27017] INFO  org.mongodb.driver.cluster.info - Monitor thread successfully connected to server with description ServerDescription{address=localhost:27017, type=STANDALONE, state=CONNECTED, ok=true, version=ServerVersion{versionList=[4, 2, 0]}, minWireVersion=0, maxWireVersion=8, maxDocumentSize=16777216, logicalSessionTimeoutMinutes=30, roundTripTimeNanos=2037800}
07-10-2019 11:50:55.525 [cluster-ClusterId{value='5d9ac42f2bcdd62570051885', description='null'}-localhost:27017] INFO  org.mongodb.driver.cluster.info - Discovered cluster type of STANDALONE
07-10-2019 11:50:55.595 [main] WARN  o.s.data.convert.CustomConversions.register - Registering converter from class java.time.LocalDateTime to class java.time.Instant as reading converter although it doesn't convert from a store-supported type! You might wanna check you annotation setup at the converter implementation.
07-10-2019 11:50:55.595 [main] WARN  o.s.data.convert.CustomConversions.register - Registering converter from class java.time.Instant to class java.time.LocalDateTime as reading converter although it doesn't convert from a store-supported type! You might wanna check you annotation setup at the converter implementation.
07-10-2019 11:50:55.609 [main] WARN  o.s.data.convert.CustomConversions.register - Registering converter from class java.time.LocalDateTime to class java.time.Instant as reading converter although it doesn't convert from a store-supported type! You might wanna check you annotation setup at the converter implementation.
07-10-2019 11:50:55.610 [main] WARN  o.s.data.convert.CustomConversions.register - Registering converter from class java.time.Instant to class java.time.LocalDateTime as reading converter although it doesn't convert from a store-supported type! You might wanna check you annotation setup at the converter implementation.
07-10-2019 11:50:55.849 [main] INFO  o.s.s.c.ThreadPoolTaskExecutor.initialize - Initializing ExecutorService 'applicationTaskExecutor'
07-10-2019 11:50:55.936 [main] INFO  o.a.coyote.http11.Http11NioProtocol.log - Starting ProtocolHandler ["http-nio-8080"]
07-10-2019 11:50:55.951 [main] INFO  o.s.b.w.e.tomcat.TomcatWebServer.start - Tomcat started on port(s): 8080 (http) with context path ''
07-10-2019 11:50:55.952 [main] INFO  c.w.t.d.DevelopmentApplication.logStarted - Started DevelopmentApplication in 2.096 seconds (JVM running for 2.813)
07-10-2019 11:51:14.876 [http-nio-8080-exec-1] INFO  o.a.c.c.C.[Tomcat].[localhost].[/].log - Initializing Spring DispatcherServlet 'dispatcherServlet'
07-10-2019 11:51:14.876 [http-nio-8080-exec-1] INFO  o.s.web.servlet.DispatcherServlet.initServletBean - Initializing Servlet 'dispatcherServlet'
07-10-2019 11:51:14.880 [http-nio-8080-exec-1] INFO  o.s.web.servlet.DispatcherServlet.initServletBean - Completed initialization in 4 ms
07-10-2019 11:51:27.751 [http-nio-8080-exec-1] INFO  org.mongodb.driver.connection.info - Opened connection [connectionId{localValue:2, serverValue:10}] to localhost:27017
07-10-2019 13:26:29.356 [Thread-6] INFO  o.s.s.c.ThreadPoolTaskExecutor.shutdown - Shutting down ExecutorService 'applicationTaskExecutor'
07-10-2019 13:26:29.357 [Thread-6] INFO  org.mongodb.driver.connection.info - Closed connection [connectionId{localValue:2, serverValue:10}] to localhost:27017 because the pool has been closed.
07-10-2019 13:26:34.328 [main] INFO  c.w.t.d.DevelopmentApplication.logStarting - Starting DevelopmentApplication on 5K1X8X2 with PID 9344 (C:\Wirecard\wms-deployment-history\target\classes started by denis.prasetio in C:\Wirecard\wms-deployment-history)
07-10-2019 13:26:34.330 [main] INFO  c.w.t.d.DevelopmentApplication.logStartupProfileInfo - No active profile set, falling back to default profiles: default
07-10-2019 13:26:34.705 [main] INFO  o.s.d.r.c.RepositoryConfigurationDelegate.registerRepositoriesIn - Bootstrapping Spring Data repositories in DEFAULT mode.
07-10-2019 13:26:34.746 [main] INFO  o.s.d.r.c.RepositoryConfigurationDelegate.registerRepositoriesIn - Finished Spring Data repository scanning in 38ms. Found 1 repository interfaces.
07-10-2019 13:26:35.019 [main] INFO  o.s.b.w.e.tomcat.TomcatWebServer.initialize - Tomcat initialized with port(s): 8080 (http)
07-10-2019 13:26:35.027 [main] INFO  o.a.coyote.http11.Http11NioProtocol.log - Initializing ProtocolHandler ["http-nio-8080"]
07-10-2019 13:26:35.032 [main] INFO  o.a.catalina.core.StandardService.log - Starting service [Tomcat]
07-10-2019 13:26:35.032 [main] INFO  o.a.catalina.core.StandardEngine.log - Starting Servlet engine: [Apache Tomcat/9.0.26]
07-10-2019 13:26:35.100 [main] INFO  o.a.c.c.C.[Tomcat].[localhost].[/].log - Initializing Spring embedded WebApplicationContext
07-10-2019 13:26:35.100 [main] INFO  o.s.web.context.ContextLoader.prepareWebApplicationContext - Root WebApplicationContext: initialization completed in 744 ms
07-10-2019 13:26:35.746 [main] INFO  org.mongodb.driver.cluster.info - Cluster created with settings {hosts=[localhost:27017], mode=MULTIPLE, requiredClusterType=UNKNOWN, serverSelectionTimeout='30000 ms', maxWaitQueueSize=500}
07-10-2019 13:26:35.746 [main] INFO  org.mongodb.driver.cluster.info - Adding discovered server localhost:27017 to client view of cluster
07-10-2019 13:26:35.782 [cluster-ClusterId{value='5d9ada9b2bcdd62480c7188d', description='null'}-localhost:27017] INFO  org.mongodb.driver.connection.info - Opened connection [connectionId{localValue:1, serverValue:11}] to localhost:27017
07-10-2019 13:26:35.785 [cluster-ClusterId{value='5d9ada9b2bcdd62480c7188d', description='null'}-localhost:27017] INFO  org.mongodb.driver.cluster.info - Monitor thread successfully connected to server with description ServerDescription{address=localhost:27017, type=STANDALONE, state=CONNECTED, ok=true, version=ServerVersion{versionList=[4, 2, 0]}, minWireVersion=0, maxWireVersion=8, maxDocumentSize=16777216, logicalSessionTimeoutMinutes=30, roundTripTimeNanos=1966300}
07-10-2019 13:26:35.786 [cluster-ClusterId{value='5d9ada9b2bcdd62480c7188d', description='null'}-localhost:27017] INFO  org.mongodb.driver.cluster.info - Discovered cluster type of STANDALONE
07-10-2019 13:26:35.857 [main] WARN  o.s.data.convert.CustomConversions.register - Registering converter from class java.time.LocalDateTime to class java.time.Instant as reading converter although it doesn't convert from a store-supported type! You might wanna check you annotation setup at the converter implementation.
07-10-2019 13:26:35.857 [main] WARN  o.s.data.convert.CustomConversions.register - Registering converter from class java.time.Instant to class java.time.LocalDateTime as reading converter although it doesn't convert from a store-supported type! You might wanna check you annotation setup at the converter implementation.
07-10-2019 13:26:35.872 [main] WARN  o.s.data.convert.CustomConversions.register - Registering converter from class java.time.LocalDateTime to class java.time.Instant as reading converter although it doesn't convert from a store-supported type! You might wanna check you annotation setup at the converter implementation.
07-10-2019 13:26:35.872 [main] WARN  o.s.data.convert.CustomConversions.register - Registering converter from class java.time.Instant to class java.time.LocalDateTime as reading converter although it doesn't convert from a store-supported type! You might wanna check you annotation setup at the converter implementation.
07-10-2019 13:26:36.107 [main] INFO  o.s.s.c.ThreadPoolTaskExecutor.initialize - Initializing ExecutorService 'applicationTaskExecutor'
07-10-2019 13:26:36.195 [main] INFO  o.a.coyote.http11.Http11NioProtocol.log - Starting ProtocolHandler ["http-nio-8080"]
07-10-2019 13:26:36.210 [main] INFO  o.s.b.w.e.tomcat.TomcatWebServer.start - Tomcat started on port(s): 8080 (http) with context path ''
07-10-2019 13:26:36.212 [main] INFO  c.w.t.d.DevelopmentApplication.logStarted - Started DevelopmentApplication in 2.133 seconds (JVM running for 2.845)
07-10-2019 13:26:40.515 [http-nio-8080-exec-1] INFO  o.a.c.c.C.[Tomcat].[localhost].[/].log - Initializing Spring DispatcherServlet 'dispatcherServlet'
07-10-2019 13:26:40.515 [http-nio-8080-exec-1] INFO  o.s.web.servlet.DispatcherServlet.initServletBean - Initializing Servlet 'dispatcherServlet'
07-10-2019 13:26:40.519 [http-nio-8080-exec-1] INFO  o.s.web.servlet.DispatcherServlet.initServletBean - Completed initialization in 3 ms
07-10-2019 13:26:42.170 [http-nio-8080-exec-1] INFO  org.mongodb.driver.connection.info - Opened connection [connectionId{localValue:2, serverValue:12}] to localhost:27017
07-10-2019 13:29:53.307 [Thread-7] INFO  o.s.s.c.ThreadPoolTaskExecutor.shutdown - Shutting down ExecutorService 'applicationTaskExecutor'
07-10-2019 13:29:53.309 [Thread-7] INFO  org.mongodb.driver.connection.info - Closed connection [connectionId{localValue:2, serverValue:12}] to localhost:27017 because the pool has been closed.
07-10-2019 13:29:58.639 [main] INFO  c.w.t.d.DevelopmentApplication.logStarting - Starting DevelopmentApplication on 5K1X8X2 with PID 168 (C:\Wirecard\wms-deployment-history\target\classes started by denis.prasetio in C:\Wirecard\wms-deployment-history)
07-10-2019 13:29:58.641 [main] INFO  c.w.t.d.DevelopmentApplication.logStartupProfileInfo - No active profile set, falling back to default profiles: default
07-10-2019 13:29:59.003 [main] INFO  o.s.d.r.c.RepositoryConfigurationDelegate.registerRepositoriesIn - Bootstrapping Spring Data repositories in DEFAULT mode.
07-10-2019 13:29:59.045 [main] INFO  o.s.d.r.c.RepositoryConfigurationDelegate.registerRepositoriesIn - Finished Spring Data repository scanning in 39ms. Found 1 repository interfaces.
07-10-2019 13:29:59.320 [main] INFO  o.s.b.w.e.tomcat.TomcatWebServer.initialize - Tomcat initialized with port(s): 8080 (http)
07-10-2019 13:29:59.329 [main] INFO  o.a.coyote.http11.Http11NioProtocol.log - Initializing ProtocolHandler ["http-nio-8080"]
07-10-2019 13:29:59.335 [main] INFO  o.a.catalina.core.StandardService.log - Starting service [Tomcat]
07-10-2019 13:29:59.335 [main] INFO  o.a.catalina.core.StandardEngine.log - Starting Servlet engine: [Apache Tomcat/9.0.26]
07-10-2019 13:29:59.404 [main] INFO  o.a.c.c.C.[Tomcat].[localhost].[/].log - Initializing Spring embedded WebApplicationContext
07-10-2019 13:29:59.405 [main] INFO  o.s.web.context.ContextLoader.prepareWebApplicationContext - Root WebApplicationContext: initialization completed in 738 ms
07-10-2019 13:30:00.042 [main] INFO  org.mongodb.driver.cluster.info - Cluster created with settings {hosts=[localhost:27017], mode=MULTIPLE, requiredClusterType=UNKNOWN, serverSelectionTimeout='30000 ms', maxWaitQueueSize=500}
07-10-2019 13:30:00.043 [main] INFO  org.mongodb.driver.cluster.info - Adding discovered server localhost:27017 to client view of cluster
07-10-2019 13:30:00.080 [cluster-ClusterId{value='5d9adb682bcdd600a8e1fc30', description='null'}-localhost:27017] INFO  org.mongodb.driver.connection.info - Opened connection [connectionId{localValue:1, serverValue:13}] to localhost:27017
07-10-2019 13:30:00.083 [cluster-ClusterId{value='5d9adb682bcdd600a8e1fc30', description='null'}-localhost:27017] INFO  org.mongodb.driver.cluster.info - Monitor thread successfully connected to server with description ServerDescription{address=localhost:27017, type=STANDALONE, state=CONNECTED, ok=true, version=ServerVersion{versionList=[4, 2, 0]}, minWireVersion=0, maxWireVersion=8, maxDocumentSize=16777216, logicalSessionTimeoutMinutes=30, roundTripTimeNanos=1839100}
07-10-2019 13:30:00.084 [cluster-ClusterId{value='5d9adb682bcdd600a8e1fc30', description='null'}-localhost:27017] INFO  org.mongodb.driver.cluster.info - Discovered cluster type of STANDALONE
07-10-2019 13:30:00.154 [main] WARN  o.s.data.convert.CustomConversions.register - Registering converter from class java.time.LocalDateTime to class java.time.Instant as reading converter although it doesn't convert from a store-supported type! You might wanna check you annotation setup at the converter implementation.
07-10-2019 13:30:00.155 [main] WARN  o.s.data.convert.CustomConversions.register - Registering converter from class java.time.Instant to class java.time.LocalDateTime as reading converter although it doesn't convert from a store-supported type! You might wanna check you annotation setup at the converter implementation.
07-10-2019 13:30:00.169 [main] WARN  o.s.data.convert.CustomConversions.register - Registering converter from class java.time.LocalDateTime to class java.time.Instant as reading converter although it doesn't convert from a store-supported type! You might wanna check you annotation setup at the converter implementation.
07-10-2019 13:30:00.170 [main] WARN  o.s.data.convert.CustomConversions.register - Registering converter from class java.time.Instant to class java.time.LocalDateTime as reading converter although it doesn't convert from a store-supported type! You might wanna check you annotation setup at the converter implementation.
07-10-2019 13:30:00.414 [main] INFO  o.s.s.c.ThreadPoolTaskExecutor.initialize - Initializing ExecutorService 'applicationTaskExecutor'
07-10-2019 13:30:00.504 [main] INFO  o.a.coyote.http11.Http11NioProtocol.log - Starting ProtocolHandler ["http-nio-8080"]
07-10-2019 13:30:00.518 [main] INFO  o.s.b.w.e.tomcat.TomcatWebServer.start - Tomcat started on port(s): 8080 (http) with context path ''
07-10-2019 13:30:00.520 [main] INFO  c.w.t.d.DevelopmentApplication.logStarted - Started DevelopmentApplication in 2.114 seconds (JVM running for 2.807)
07-10-2019 13:30:20.509 [http-nio-8080-exec-1] INFO  o.a.c.c.C.[Tomcat].[localhost].[/].log - Initializing Spring DispatcherServlet 'dispatcherServlet'
07-10-2019 13:30:20.509 [http-nio-8080-exec-1] INFO  o.s.web.servlet.DispatcherServlet.initServletBean - Initializing Servlet 'dispatcherServlet'
07-10-2019 13:30:20.513 [http-nio-8080-exec-1] INFO  o.s.web.servlet.DispatcherServlet.initServletBean - Completed initialization in 4 ms
07-10-2019 13:30:20.572 [http-nio-8080-exec-1] INFO  org.mongodb.driver.connection.info - Opened connection [connectionId{localValue:2, serverValue:14}] to localhost:27017
07-10-2019 13:30:39.688 [Thread-6] INFO  o.s.s.c.ThreadPoolTaskExecutor.shutdown - Shutting down ExecutorService 'applicationTaskExecutor'
07-10-2019 13:30:39.690 [Thread-6] INFO  org.mongodb.driver.connection.info - Closed connection [connectionId{localValue:2, serverValue:14}] to localhost:27017 because the pool has been closed.
07-10-2019 13:31:04.101 [main] INFO  c.w.t.d.DevelopmentApplication.logStarting - Starting DevelopmentApplication on 5K1X8X2 with PID 8744 (C:\Wirecard\wms-deployment-history\target\classes started by denis.prasetio in C:\Wirecard\wms-deployment-history)
07-10-2019 13:31:04.104 [main] INFO  c.w.t.d.DevelopmentApplication.logStartupProfileInfo - No active profile set, falling back to default profiles: default
07-10-2019 13:31:04.482 [main] INFO  o.s.d.r.c.RepositoryConfigurationDelegate.registerRepositoriesIn - Bootstrapping Spring Data repositories in DEFAULT mode.
07-10-2019 13:31:04.526 [main] INFO  o.s.d.r.c.RepositoryConfigurationDelegate.registerRepositoriesIn - Finished Spring Data repository scanning in 41ms. Found 1 repository interfaces.
07-10-2019 13:31:04.791 [main] INFO  o.s.b.w.e.tomcat.TomcatWebServer.initialize - Tomcat initialized with port(s): 8080 (http)
07-10-2019 13:31:04.799 [main] INFO  o.a.coyote.http11.Http11NioProtocol.log - Initializing ProtocolHandler ["http-nio-8080"]
07-10-2019 13:31:04.806 [main] INFO  o.a.catalina.core.StandardService.log - Starting service [Tomcat]
07-10-2019 13:31:04.806 [main] INFO  o.a.catalina.core.StandardEngine.log - Starting Servlet engine: [Apache Tomcat/9.0.26]
07-10-2019 13:31:04.874 [main] INFO  o.a.c.c.C.[Tomcat].[localhost].[/].log - Initializing Spring embedded WebApplicationContext
07-10-2019 13:31:04.874 [main] INFO  o.s.web.context.ContextLoader.prepareWebApplicationContext - Root WebApplicationContext: initialization completed in 745 ms
07-10-2019 13:31:05.518 [main] INFO  org.mongodb.driver.cluster.info - Cluster created with settings {hosts=[10.10.230.145:27017], mode=MULTIPLE, requiredClusterType=UNKNOWN, serverSelectionTimeout='30000 ms', maxWaitQueueSize=500}
07-10-2019 13:31:05.518 [main] INFO  org.mongodb.driver.cluster.info - Adding discovered server 10.10.230.145:27017 to client view of cluster
07-10-2019 13:31:05.568 [cluster-ClusterId{value='5d9adba92bcdd622284ae58d', description='null'}-10.10.230.145:27017] INFO  org.mongodb.driver.connection.info - Opened connection [connectionId{localValue:1, serverValue:149742}] to 10.10.230.145:27017
07-10-2019 13:31:05.571 [cluster-ClusterId{value='5d9adba92bcdd622284ae58d', description='null'}-10.10.230.145:27017] INFO  org.mongodb.driver.cluster.info - Monitor thread successfully connected to server with description ServerDescription{address=10.10.230.145:27017, type=STANDALONE, state=CONNECTED, ok=true, version=ServerVersion{versionList=[4, 0, 6]}, minWireVersion=0, maxWireVersion=7, maxDocumentSize=16777216, logicalSessionTimeoutMinutes=30, roundTripTimeNanos=2777900}
07-10-2019 13:31:05.572 [cluster-ClusterId{value='5d9adba92bcdd622284ae58d', description='null'}-10.10.230.145:27017] INFO  org.mongodb.driver.cluster.info - Discovered cluster type of STANDALONE
07-10-2019 13:31:05.635 [main] WARN  o.s.data.convert.CustomConversions.register - Registering converter from class java.time.LocalDateTime to class java.time.Instant as reading converter although it doesn't convert from a store-supported type! You might wanna check you annotation setup at the converter implementation.
07-10-2019 13:31:05.635 [main] WARN  o.s.data.convert.CustomConversions.register - Registering converter from class java.time.Instant to class java.time.LocalDateTime as reading converter although it doesn't convert from a store-supported type! You might wanna check you annotation setup at the converter implementation.
07-10-2019 13:31:05.649 [main] WARN  o.s.data.convert.CustomConversions.register - Registering converter from class java.time.LocalDateTime to class java.time.Instant as reading converter although it doesn't convert from a store-supported type! You might wanna check you annotation setup at the converter implementation.
07-10-2019 13:31:05.649 [main] WARN  o.s.data.convert.CustomConversions.register - Registering converter from class java.time.Instant to class java.time.LocalDateTime as reading converter although it doesn't convert from a store-supported type! You might wanna check you annotation setup at the converter implementation.
07-10-2019 13:31:05.886 [main] INFO  o.s.s.c.ThreadPoolTaskExecutor.initialize - Initializing ExecutorService 'applicationTaskExecutor'
07-10-2019 13:31:05.970 [main] INFO  o.a.coyote.http11.Http11NioProtocol.log - Starting ProtocolHandler ["http-nio-8080"]
07-10-2019 13:31:05.984 [main] INFO  o.s.b.w.e.tomcat.TomcatWebServer.start - Tomcat started on port(s): 8080 (http) with context path ''
07-10-2019 13:31:05.986 [main] INFO  c.w.t.d.DevelopmentApplication.logStarted - Started DevelopmentApplication in 2.107 seconds (JVM running for 2.809)
07-10-2019 13:31:25.975 [http-nio-8080-exec-1] INFO  o.a.c.c.C.[Tomcat].[localhost].[/].log - Initializing Spring DispatcherServlet 'dispatcherServlet'
07-10-2019 13:31:25.975 [http-nio-8080-exec-1] INFO  o.s.web.servlet.DispatcherServlet.initServletBean - Initializing Servlet 'dispatcherServlet'
07-10-2019 13:31:25.979 [http-nio-8080-exec-1] INFO  o.s.web.servlet.DispatcherServlet.initServletBean - Completed initialization in 3 ms
07-10-2019 13:31:26.108 [http-nio-8080-exec-1] INFO  org.mongodb.driver.connection.info - Opened connection [connectionId{localValue:2, serverValue:149743}] to 10.10.230.145:27017
07-10-2019 13:31:56.781 [http-nio-8080-exec-4] INFO  org.mongodb.driver.connection.info - Opened connection [connectionId{localValue:3, serverValue:149744}] to 10.10.230.145:27017
07-10-2019 13:43:51.790 [Thread-7] INFO  o.s.s.c.ThreadPoolTaskExecutor.shutdown - Shutting down ExecutorService 'applicationTaskExecutor'
07-10-2019 13:43:51.792 [Thread-7] INFO  org.mongodb.driver.connection.info - Closed connection [connectionId{localValue:2, serverValue:149743}] to 10.10.230.145:27017 because the pool has been closed.
07-10-2019 13:43:51.792 [Thread-7] INFO  org.mongodb.driver.connection.info - Closed connection [connectionId{localValue:3, serverValue:149744}] to 10.10.230.145:27017 because the pool has been closed.
07-10-2019 13:44:25.049 [main] INFO  c.w.t.d.DevelopmentApplication.logStarting - Starting DevelopmentApplication on 5K1X8X2 with PID 10228 (C:\Wirecard\wms-deployment-history\target\classes started by denis.prasetio in C:\Wirecard\wms-deployment-history)
07-10-2019 13:44:25.051 [main] INFO  c.w.t.d.DevelopmentApplication.logStartupProfileInfo - No active profile set, falling back to default profiles: default
07-10-2019 13:44:25.417 [main] INFO  o.s.d.r.c.RepositoryConfigurationDelegate.registerRepositoriesIn - Bootstrapping Spring Data repositories in DEFAULT mode.
07-10-2019 13:44:25.461 [main] INFO  o.s.d.r.c.RepositoryConfigurationDelegate.registerRepositoriesIn - Finished Spring Data repository scanning in 40ms. Found 1 repository interfaces.
07-10-2019 13:44:25.739 [main] INFO  o.s.b.w.e.tomcat.TomcatWebServer.initialize - Tomcat initialized with port(s): 8080 (http)
07-10-2019 13:44:25.748 [main] INFO  o.a.coyote.http11.Http11NioProtocol.log - Initializing ProtocolHandler ["http-nio-8080"]
07-10-2019 13:44:25.753 [main] INFO  o.a.catalina.core.StandardService.log - Starting service [Tomcat]
07-10-2019 13:44:25.753 [main] INFO  o.a.catalina.core.StandardEngine.log - Starting Servlet engine: [Apache Tomcat/9.0.26]
07-10-2019 13:44:25.826 [main] INFO  o.a.c.c.C.[Tomcat].[localhost].[/].log - Initializing Spring embedded WebApplicationContext
07-10-2019 13:44:25.826 [main] INFO  o.s.web.context.ContextLoader.prepareWebApplicationContext - Root WebApplicationContext: initialization completed in 747 ms
07-10-2019 13:44:26.490 [main] INFO  org.mongodb.driver.cluster.info - Cluster created with settings {hosts=[10.10.230.145:27017], mode=MULTIPLE, requiredClusterType=UNKNOWN, serverSelectionTimeout='30000 ms', maxWaitQueueSize=500}
07-10-2019 13:44:26.491 [main] INFO  org.mongodb.driver.cluster.info - Adding discovered server 10.10.230.145:27017 to client view of cluster
07-10-2019 13:44:26.564 [cluster-ClusterId{value='5d9adeca2bcdd627f4c58b2d', description='null'}-10.10.230.145:27017] INFO  org.mongodb.driver.connection.info - Opened connection [connectionId{localValue:1, serverValue:149753}] to 10.10.230.145:27017
07-10-2019 13:44:26.570 [cluster-ClusterId{value='5d9adeca2bcdd627f4c58b2d', description='null'}-10.10.230.145:27017] INFO  org.mongodb.driver.cluster.info - Monitor thread successfully connected to server with description ServerDescription{address=10.10.230.145:27017, type=STANDALONE, state=CONNECTED, ok=true, version=ServerVersion{versionList=[4, 0, 6]}, minWireVersion=0, maxWireVersion=7, maxDocumentSize=16777216, logicalSessionTimeoutMinutes=30, roundTripTimeNanos=3182200}
07-10-2019 13:44:26.571 [cluster-ClusterId{value='5d9adeca2bcdd627f4c58b2d', description='null'}-10.10.230.145:27017] INFO  org.mongodb.driver.cluster.info - Discovered cluster type of STANDALONE
07-10-2019 13:44:26.603 [main] WARN  o.s.data.convert.CustomConversions.register - Registering converter from class java.time.LocalDateTime to class java.time.Instant as reading converter although it doesn't convert from a store-supported type! You might wanna check you annotation setup at the converter implementation.
07-10-2019 13:44:26.603 [main] WARN  o.s.data.convert.CustomConversions.register - Registering converter from class java.time.Instant to class java.time.LocalDateTime as reading converter although it doesn't convert from a store-supported type! You might wanna check you annotation setup at the converter implementation.
07-10-2019 13:44:26.618 [main] WARN  o.s.data.convert.CustomConversions.register - Registering converter from class java.time.LocalDateTime to class java.time.Instant as reading converter although it doesn't convert from a store-supported type! You might wanna check you annotation setup at the converter implementation.
07-10-2019 13:44:26.618 [main] WARN  o.s.data.convert.CustomConversions.register - Registering converter from class java.time.Instant to class java.time.LocalDateTime as reading converter although it doesn't convert from a store-supported type! You might wanna check you annotation setup at the converter implementation.
07-10-2019 13:44:26.863 [main] INFO  o.s.s.c.ThreadPoolTaskExecutor.initialize - Initializing ExecutorService 'applicationTaskExecutor'
07-10-2019 13:44:26.952 [main] INFO  o.a.coyote.http11.Http11NioProtocol.log - Starting ProtocolHandler ["http-nio-8080"]
07-10-2019 13:44:26.969 [main] INFO  o.s.b.w.e.tomcat.TomcatWebServer.start - Tomcat started on port(s): 8080 (http) with context path ''
07-10-2019 13:44:26.971 [main] INFO  c.w.t.d.DevelopmentApplication.logStarted - Started DevelopmentApplication in 2.156 seconds (JVM running for 2.895)
07-10-2019 13:44:29.663 [http-nio-8080-exec-1] INFO  o.a.c.c.C.[Tomcat].[localhost].[/].log - Initializing Spring DispatcherServlet 'dispatcherServlet'
07-10-2019 13:44:29.664 [http-nio-8080-exec-1] INFO  o.s.web.servlet.DispatcherServlet.initServletBean - Initializing Servlet 'dispatcherServlet'
07-10-2019 13:44:29.668 [http-nio-8080-exec-1] INFO  o.s.web.servlet.DispatcherServlet.initServletBean - Completed initialization in 4 ms
07-10-2019 13:44:29.808 [http-nio-8080-exec-1] INFO  org.mongodb.driver.connection.info - Opened connection [connectionId{localValue:2, serverValue:149754}] to 10.10.230.145:27017
07-10-2019 13:45:03.603 [Thread-7] INFO  o.s.s.c.ThreadPoolTaskExecutor.shutdown - Shutting down ExecutorService 'applicationTaskExecutor'
07-10-2019 13:45:03.605 [Thread-7] INFO  org.mongodb.driver.connection.info - Closed connection [connectionId{localValue:2, serverValue:149754}] to 10.10.230.145:27017 because the pool has been closed.
07-10-2019 13:47:38.622 [main] INFO  c.w.t.d.DevelopmentApplication.logStarting - Starting DevelopmentApplication on 5K1X8X2 with PID 4112 (C:\Wirecard\wms-deployment-history\target\classes started by denis.prasetio in C:\Wirecard\wms-deployment-history)
07-10-2019 13:47:38.625 [main] INFO  c.w.t.d.DevelopmentApplication.logStartupProfileInfo - No active profile set, falling back to default profiles: default
07-10-2019 13:47:39.017 [main] INFO  o.s.d.r.c.RepositoryConfigurationDelegate.registerRepositoriesIn - Bootstrapping Spring Data repositories in DEFAULT mode.
07-10-2019 13:47:39.061 [main] INFO  o.s.d.r.c.RepositoryConfigurationDelegate.registerRepositoriesIn - Finished Spring Data repository scanning in 40ms. Found 1 repository interfaces.
07-10-2019 13:47:39.333 [main] INFO  o.s.b.w.e.tomcat.TomcatWebServer.initialize - Tomcat initialized with port(s): 8080 (http)
07-10-2019 13:47:39.342 [main] INFO  o.a.coyote.http11.Http11NioProtocol.log - Initializing ProtocolHandler ["http-nio-8080"]
07-10-2019 13:47:39.347 [main] INFO  o.a.catalina.core.StandardService.log - Starting service [Tomcat]
07-10-2019 13:47:39.347 [main] INFO  o.a.catalina.core.StandardEngine.log - Starting Servlet engine: [Apache Tomcat/9.0.26]
07-10-2019 13:47:39.414 [main] INFO  o.a.c.c.C.[Tomcat].[localhost].[/].log - Initializing Spring embedded WebApplicationContext
07-10-2019 13:47:39.415 [main] INFO  o.s.web.context.ContextLoader.prepareWebApplicationContext - Root WebApplicationContext: initialization completed in 763 ms
07-10-2019 13:47:40.134 [main] INFO  org.mongodb.driver.cluster.info - Cluster created with settings {hosts=[10.10.230.145:27017], mode=MULTIPLE, requiredClusterType=UNKNOWN, serverSelectionTimeout='30000 ms', maxWaitQueueSize=500}
07-10-2019 13:47:40.137 [main] INFO  org.mongodb.driver.cluster.info - Adding discovered server 10.10.230.145:27017 to client view of cluster
07-10-2019 13:47:40.277 [cluster-ClusterId{value='5d9adf8c2bcdd61010d19eb3', description='null'}-10.10.230.145:27017] INFO  org.mongodb.driver.connection.info - Opened connection [connectionId{localValue:1, serverValue:149757}] to 10.10.230.145:27017
07-10-2019 13:47:40.339 [cluster-ClusterId{value='5d9adf8c2bcdd61010d19eb3', description='null'}-10.10.230.145:27017] INFO  org.mongodb.driver.cluster.info - Monitor thread successfully connected to server with description ServerDescription{address=10.10.230.145:27017, type=STANDALONE, state=CONNECTED, ok=true, version=ServerVersion{versionList=[4, 0, 6]}, minWireVersion=0, maxWireVersion=7, maxDocumentSize=16777216, logicalSessionTimeoutMinutes=30, roundTripTimeNanos=59677600}
07-10-2019 13:47:40.340 [cluster-ClusterId{value='5d9adf8c2bcdd61010d19eb3', description='null'}-10.10.230.145:27017] INFO  org.mongodb.driver.cluster.info - Discovered cluster type of STANDALONE
07-10-2019 13:47:40.390 [main] WARN  o.s.data.convert.CustomConversions.register - Registering converter from class java.time.LocalDateTime to class java.time.Instant as reading converter although it doesn't convert from a store-supported type! You might wanna check you annotation setup at the converter implementation.
07-10-2019 13:47:40.390 [main] WARN  o.s.data.convert.CustomConversions.register - Registering converter from class java.time.Instant to class java.time.LocalDateTime as reading converter although it doesn't convert from a store-supported type! You might wanna check you annotation setup at the converter implementation.
07-10-2019 13:47:40.407 [main] WARN  o.s.data.convert.CustomConversions.register - Registering converter from class java.time.LocalDateTime to class java.time.Instant as reading converter although it doesn't convert from a store-supported type! You might wanna check you annotation setup at the converter implementation.
07-10-2019 13:47:40.408 [main] WARN  o.s.data.convert.CustomConversions.register - Registering converter from class java.time.Instant to class java.time.LocalDateTime as reading converter although it doesn't convert from a store-supported type! You might wanna check you annotation setup at the converter implementation.
07-10-2019 13:47:40.877 [main] INFO  o.s.s.c.ThreadPoolTaskExecutor.initialize - Initializing ExecutorService 'applicationTaskExecutor'
07-10-2019 13:47:40.986 [main] INFO  o.a.coyote.http11.Http11NioProtocol.log - Starting ProtocolHandler ["http-nio-8080"]
07-10-2019 13:47:41.003 [main] INFO  o.s.b.w.e.tomcat.TomcatWebServer.start - Tomcat started on port(s): 8080 (http) with context path ''
07-10-2019 13:47:41.005 [main] INFO  c.w.t.d.DevelopmentApplication.logStarted - Started DevelopmentApplication in 2.66 seconds (JVM running for 3.354)
07-10-2019 13:49:39.799 [http-nio-8080-exec-1] INFO  o.a.c.c.C.[Tomcat].[localhost].[/].log - Initializing Spring DispatcherServlet 'dispatcherServlet'
07-10-2019 13:49:39.799 [http-nio-8080-exec-1] INFO  o.s.web.servlet.DispatcherServlet.initServletBean - Initializing Servlet 'dispatcherServlet'
07-10-2019 13:49:39.803 [http-nio-8080-exec-1] INFO  o.s.web.servlet.DispatcherServlet.initServletBean - Completed initialization in 4 ms
07-10-2019 13:49:39.950 [http-nio-8080-exec-1] INFO  org.mongodb.driver.connection.info - Opened connection [connectionId{localValue:2, serverValue:149758}] to 10.10.230.145:27017
